<?xml version="1.0" encoding="UTF-8"?>
<testsuite xmlns:xsi="http://www.w3.org/2001/XMLSchema-instance" xsi:noNamespaceSchemaLocation="https://maven.apache.org/surefire/maven-surefire-plugin/xsd/surefire-test-report.xsd" name="TestSuite" time="3.454" tests="9" errors="0" skipped="6" failures="2">
  <properties>
[...]
</properties>
  <testcase name="test1" classname="mytests.MyTests" time="0">
    <skipped message="expected [true] but found [false]"/>
  </testcase>
  <testcase name="test1" classname="mytests.MyTests" time="0">
    <skipped message="expected [true] but found [false]"/>
  </testcase>
  <testcase name="test1" classname="mytests.MyTests" time="0">
    <skipped message="expected [true] but found [false]"/>
  </testcase>
  <testcase name="test1" classname="mytests.MyTests" time="0.009">
    <failure message="expected [true] but found [false]" type="java.lang.AssertionError">java.lang.AssertionError: expected [true] but found [false]
	at mytests.MyTests.test1(MyTests.java:10)
</failure>
  </testcase>
  <testcase name="test2" classname="mytests.MyTests" time="0">
    <skipped message="expected [true] but found [false]"/>
  </testcase>
  <testcase name="test2" classname="mytests.MyTests" time="0">
    <skipped message="expected [true] but found [false]"/>
  </testcase>
  <testcase name="test2" classname="mytests.MyTests" time="0">
    <skipped message="expected [true] but found [false]"/>
  </testcase>
  <testcase name="test2" classname="mytests.MyTests" time="0">
    <failure message="expected [true] but found [false]" type="java.lang.AssertionError">java.lang.AssertionError: expected [true] but found [false]
	at mytests.MyTests.test2(MyTests.java:15)
</failure>
  </testcase>
  <testcase name="test3" classname="mytests.MyTests" time="0"/>
</testsuite>